[29-May-2023 13:15:24 UTC] PHP Fatal error:  Uncaught PDOException: SQLSTATE[42S02]: Base table or view not found: 1146 Table 'article_website.articles' doesn't exist in D:\WebEnv\nginx-1.24.0\html\project\demo\BTTH03\app\services\ArticleService.php:13
Stack trace:
#0 D:\WebEnv\nginx-1.24.0\html\project\demo\BTTH03\app\services\ArticleService.php(13): PDO->query()
#1 D:\WebEnv\nginx-1.24.0\html\project\demo\BTTH03\app\controllers\ArticleController.php(9): ArticleService::getAll()
#2 D:\WebEnv\nginx-1.24.0\html\project\demo\BTTH03\public\index.php(13): ArticleController->index()
#3 {main}
  thrown in D:\WebEnv\nginx-1.24.0\html\project\demo\BTTH03\app\services\ArticleService.php on line 13
[29-May-2023 13:15:32 UTC] PHP Fatal error:  Uncaught PDOException: SQLSTATE[42S02]: Base table or view not found: 1146 Table 'article_website.articles' doesn't exist in D:\WebEnv\nginx-1.24.0\html\project\demo\BTTH03\app\services\ArticleService.php:13
Stack trace:
#0 D:\WebEnv\nginx-1.24.0\html\project\demo\BTTH03\app\services\ArticleService.php(13): PDO->query()
#1 D:\WebEnv\nginx-1.24.0\html\project\demo\BTTH03\app\controllers\ArticleController.php(9): ArticleService::getAll()
#2 D:\WebEnv\nginx-1.24.0\html\project\demo\BTTH03\public\index.php(13): ArticleController->index()
#3 {main}
  thrown in D:\WebEnv\nginx-1.24.0\html\project\demo\BTTH03\app\services\ArticleService.php on line 13
[29-May-2023 13:17:29 UTC] PHP Fatal error:  Uncaught PDOException: SQLSTATE[42S02]: Base table or view not found: 1146 Table 'article_website.articles' doesn't exist in D:\WebEnv\nginx-1.24.0\html\project\demo\BTTH03\app\services\ArticleService.php:13
Stack trace:
#0 D:\WebEnv\nginx-1.24.0\html\project\demo\BTTH03\app\services\ArticleService.php(13): PDO->query()
#1 D:\WebEnv\nginx-1.24.0\html\project\demo\BTTH03\app\controllers\ArticleController.php(9): ArticleService::getAll()
#2 D:\WebEnv\nginx-1.24.0\html\project\demo\BTTH03\public\index.php(13): ArticleController->index()
#3 {main}
  thrown in D:\WebEnv\nginx-1.24.0\html\project\demo\BTTH03\app\services\ArticleService.php on line 13
[29-May-2023 13:18:40 UTC] PHP Fatal error:  Uncaught PDOException: SQLSTATE[42S02]: Base table or view not found: 1146 Table 'article_website.articles' doesn't exist in D:\WebEnv\nginx-1.24.0\html\project\demo\BTTH03\app\services\ArticleService.php:13
Stack trace:
#0 D:\WebEnv\nginx-1.24.0\html\project\demo\BTTH03\app\services\ArticleService.php(13): PDO->query()
#1 D:\WebEnv\nginx-1.24.0\html\project\demo\BTTH03\app\controllers\ArticleController.php(9): ArticleService::getAll()
#2 D:\WebEnv\nginx-1.24.0\html\project\demo\BTTH03\public\index.php(13): ArticleController->index()
#3 {main}
  thrown in D:\WebEnv\nginx-1.24.0\html\project\demo\BTTH03\app\services\ArticleService.php on line 13
[29-May-2023 14:16:23 UTC] PHP Parse error:  syntax error, unexpected string content "", expecting "-" or identifier or variable or number in D:\WebEnv\nginx-1.24.0\html\project\demo\BTTH03\app\services\ArticleService.php on line 19
